<?xml version="1.0" encoding="UTF-8"?>
<!-- Generated by org.testng.reporters.JUnitReportReporter -->
<testsuite skipped="1" hostname="Lesias-Air.westell.com" name="waits.ImplicitWait" tests="2" failures="0" timestamp="14 Jul 2018 15:48:57 GMT" time="10.021" errors="0">
  <testcase name="realExample" time="10.021" classname="waits.ImplicitWait"/>
  <testcase name="test" classname="waits.ImplicitWait">
    <skipped/>
  </testcase> <!-- test -->
</testsuite> <!-- waits.ImplicitWait -->
