<?xml version="1.0" encoding="UTF-8"?>
<!-- Generated by org.testng.reporters.JUnitReportReporter -->
<testsuite skipped="0" hostname="Lesias-Air.westell.com" name="com.cybertek.AmazonWoodenSpoons" tests="1" failures="0" timestamp="30 Jun 2018 16:29:07 GMT" time="22.362" errors="0">
  <testcase name="getAllProducts" time="22.362" classname="com.cybertek.AmazonWoodenSpoons"/>
</testsuite> <!-- com.cybertek.AmazonWoodenSpoons -->
