<?xml version="1.0" encoding="UTF-8"?>
<!-- Generated by org.testng.reporters.JUnitReportReporter -->
<testsuite skipped="1" hostname="Lesias-Air.westell.com" name="waits.ExplicitWait" tests="2" failures="0" timestamp="14 Jul 2018 18:14:30 GMT" time="8.611" errors="0">
  <testcase name="waitForDissapear" time="8.611" classname="waits.ExplicitWait"/>
  <testcase name="oneWhereImplicitDoesNotWork" classname="waits.ExplicitWait">
    <skipped/>
  </testcase> <!-- oneWhereImplicitDoesNotWork -->
</testsuite> <!-- waits.ExplicitWait -->
