<?xml version="1.0" encoding="UTF-8"?>
<!-- Generated by org.testng.reporters.JUnitReportReporter -->
<testsuite skipped="0" hostname="Lesias-Air.westell.com" name="com.cybertek.TestNGDemo" tests="1" failures="0" timestamp="15 Jul 2018 20:18:51 GMT" time="0.010" errors="0">
  <testcase name="test2" time="0.010" classname="com.cybertek.TestNGDemo"/>
</testsuite> <!-- com.cybertek.TestNGDemo -->
