<?xml version="1.0" encoding="UTF-8"?>
<!-- Generated by org.testng.reporters.JUnitReportReporter -->
<testsuite skipped="0" hostname="Lesias-Air.westell.com" name="waits.FluentWaitTest" tests="1" failures="0" timestamp="14 Jul 2018 18:53:02 GMT" time="9.618" errors="0">
  <testcase name="test" time="9.618" classname="waits.FluentWaitTest"/>
</testsuite> <!-- waits.FluentWaitTest -->
