<?xml version="1.0" encoding="UTF-8"?>
<!-- Generated by org.testng.reporters.JUnitReportReporter -->
<testsuite skipped="0" hostname="Lesias-Air.westell.com" name="com.cybertek.MockarooDataValidation" tests="15" failures="0" timestamp="27 Jun 2018 19:31:46 GMT" time="9.718" errors="0">
  <testcase name="titleTest" time="0.030" classname="com.cybertek.MockarooDataValidation"/>
  <testcase name="titleValidation" time="0.215" classname="com.cybertek.MockarooDataValidation"/>
  <testcase name="title2Validation" time="0.061" classname="com.cybertek.MockarooDataValidation"/>
  <testcase name="remove" time="0.536" classname="com.cybertek.MockarooDataValidation"/>
  <testcase name="labelCheck" time="0.127" classname="com.cybertek.MockarooDataValidation"/>
  <testcase name="isEnabled" time="0.036" classname="com.cybertek.MockarooDataValidation"/>
  <testcase name="defaultRows" time="0.031" classname="com.cybertek.MockarooDataValidation"/>
  <testcase name="defaultFormat" time="0.034" classname="com.cybertek.MockarooDataValidation"/>
  <testcase name="defaultLineEnding" time="0.045" classname="com.cybertek.MockarooDataValidation"/>
  <testcase name="headerIsChecked" time="0.080" classname="com.cybertek.MockarooDataValidation"/>
  <testcase name="testAddField" time="0.337" classname="com.cybertek.MockarooDataValidation"/>
  <testcase name="testIsDisplayed" time="0.179" classname="com.cybertek.MockarooDataValidation"/>
  <testcase name="testSearchForCity" time="3.640" classname="com.cybertek.MockarooDataValidation"/>
  <testcase name="addCountry" time="3.722" classname="com.cybertek.MockarooDataValidation"/>
  <testcase name="loadLists" time="0.645" classname="com.cybertek.MockarooDataValidation"/>
</testsuite> <!-- com.cybertek.MockarooDataValidation -->
