<?xml version="1.0" encoding="UTF-8"?>
<!-- Generated by org.testng.reporters.JUnitReportReporter -->
<testsuite skipped="0" hostname="Lesias-Air.westell.com" name="iframespopups.IFramesTest" tests="3" failures="0" timestamp="07 Jul 2018 18:59:36 GMT" time="26.043" errors="0">
  <testcase name="iframeTest1" time="5.787" classname="iframespopups.IFramesTest"/>
  <testcase name="iframeTest2" time="13.882" classname="iframespopups.IFramesTest"/>
  <testcase name="iframeTest3" time="6.374" classname="iframespopups.IFramesTest"/>
</testsuite> <!-- iframespopups.IFramesTest -->
