<?xml version="1.0" encoding="UTF-8"?>
<!-- Generated by org.testng.reporters.JUnitReportReporter -->
<testsuite skipped="0" hostname="Lesias-Air.westell.com" name="iframespopups.PopUpPractice" tests="1" failures="0" timestamp="07 Jul 2018 16:00:26 GMT" time="9.580" errors="0">
  <testcase name="jsAlertTest" time="9.580" classname="iframespopups.PopUpPractice"/>
</testsuite> <!-- iframespopups.PopUpPractice -->
