<?xml version="1.0" encoding="UTF-8"?>
<!-- Generated by org.testng.reporters.JUnitReportReporter -->
<testsuite skipped="0" hostname="Lesias-Air.westell.com" name="webtables.ReadWebtables" tests="2" failures="0" timestamp="30 Jun 2018 20:36:32 GMT" time="12.113" errors="0">
  <testcase name="getScores" time="0.933" classname="webtables.ReadWebtables"/>
  <testcase name="applicantsData" time="11.180" classname="webtables.ReadWebtables"/>
</testsuite> <!-- webtables.ReadWebtables -->
