<?xml version="1.0" encoding="UTF-8"?>
<!-- Generated by org.testng.reporters.JUnitReportReporter -->
<testsuite skipped="0" hostname="Lesias-Air.westell.com" name="waits.JavaScriptExecutorExamples" tests="2" failures="0" timestamp="14 Jul 2018 19:48:12 GMT" time="23.538" errors="0">
  <testcase name="alerts" time="6.918" classname="waits.JavaScriptExecutorExamples"/>
  <testcase name="scroll" time="16.620" classname="waits.JavaScriptExecutorExamples"/>
</testsuite> <!-- waits.JavaScriptExecutorExamples -->
