<?xml version="1.0" encoding="UTF-8"?>
<!-- Generated by org.testng.reporters.JUnitReportReporter -->
<testsuite skipped="0" hostname="Lesias-Air.westell.com" name="webelements.CheckTags" tests="1" failures="0" timestamp="27 Jun 2018 20:57:48 GMT" time="4.041" errors="0">
  <testcase name="SeleniumWebElementsForm" time="4.041" classname="webelements.CheckTags"/>
</testsuite> <!-- webelements.CheckTags -->
