<?xml version="1.0" encoding="UTF-8"?>
<!-- Generated by org.testng.reporters.JUnitReportReporter -->
<testsuite skipped="0" hostname="Lesias-Air.westell.com" name="iframespopups.TabsWindows" tests="1" failures="0" timestamp="07 Jul 2018 19:35:08 GMT" time="7.421" errors="0">
  <testcase name="swithToWindow" time="7.421" classname="iframespopups.TabsWindows"/>
</testsuite> <!-- iframespopups.TabsWindows -->
