<?xml version="1.0" encoding="UTF-8"?>
<!-- Generated by org.testng.reporters.JUnitReportReporter -->
<testsuite skipped="0" hostname="Lesias-Air.westell.com" name="actions.ActionsExample" tests="6" failures="0" timestamp="18 Jul 2018 14:04:27 GMT" time="99.529" errors="0">
  <testcase name="hoverTest2" time="18.441" classname="actions.ActionsExample"/>
  <testcase name="scrollTest" time="20.625" classname="actions.ActionsExample"/>
  <testcase name="doubleClickTest" time="19.538" classname="actions.ActionsExample"/>
  <testcase name="dragDropTest1" time="8.870" classname="actions.ActionsExample"/>
  <testcase name="dragDropTest2" time="8.273" classname="actions.ActionsExample"/>
  <testcase name="hoverTest1" time="23.782" classname="actions.ActionsExample"/>
</testsuite> <!-- actions.ActionsExample -->
