<?xml version="1.0" encoding="UTF-8"?>
<!-- Generated by org.testng.reporters.JUnitReportReporter -->
<testsuite skipped="0" hostname="Lesias-Air.westell.com" name="com.cybertek.Check" tests="10" failures="0" timestamp="26 Jun 2018 05:43:29 GMT" time="15.904" errors="0">
  <testcase name="step8" time="0.048" classname="com.cybertek.Check"/>
  <testcase name="step3" time="0.013" classname="com.cybertek.Check"/>
  <testcase name="step4" time="0.334" classname="com.cybertek.Check"/>
  <testcase name="step5_6" time="0.546" classname="com.cybertek.Check"/>
  <testcase name="step7" time="0.041" classname="com.cybertek.Check"/>
  <testcase name="step9" time="0.081" classname="com.cybertek.Check"/>
  <testcase name="step10" time="0.084" classname="com.cybertek.Check"/>
  <testcase name="step11" time="0.061" classname="com.cybertek.Check"/>
  <testcase name="step12_13" time="0.435" classname="com.cybertek.Check"/>
  <testcase name="step14_15_16" time="14.261" classname="com.cybertek.Check"/>
</testsuite> <!-- com.cybertek.Check -->
