<?xml version="1.0" encoding="UTF-8"?>
<!-- Generated by org.testng.reporters.JUnitReportReporter -->
<testsuite skipped="0" hostname="Lesias-Air.westell.com" name="actions.FileUploadExamples" tests="1" failures="0" timestamp="03 Jul 2018 23:45:58 GMT" time="8.266" errors="0">
  <testcase name="testFileUpload" time="8.266" classname="actions.FileUploadExamples"/>
</testsuite> <!-- actions.FileUploadExamples -->
