<?xml version="1.0" encoding="UTF-8"?>
<!-- Generated by org.testng.reporters.JUnitReportReporter -->
<testsuite skipped="0" hostname="Lesias-Air.westell.com" name="pomdesign.LogInTest" tests="1" failures="0" timestamp="11 Jul 2018 02:02:10 GMT" time="10.032" errors="0">
  <testcase name="loginTest" time="10.032" classname="pomdesign.LogInTest"/>
</testsuite> <!-- pomdesign.LogInTest -->
